mode: set
github.com/DaniilKalts/market-rest-api/internal/services/auth_service.go:29.15,34.2 1 1
github.com/DaniilKalts/market-rest-api/internal/services/auth_service.go:38.3,41.16 3 1
github.com/DaniilKalts/market-rest-api/internal/services/auth_service.go:41.16,43.3 1 0
github.com/DaniilKalts/market-rest-api/internal/services/auth_service.go:45.2,46.16 2 1
github.com/DaniilKalts/market-rest-api/internal/services/auth_service.go:46.16,48.3 1 0
github.com/DaniilKalts/market-rest-api/internal/services/auth_service.go:50.2,52.16 1 1
github.com/DaniilKalts/market-rest-api/internal/services/auth_service.go:52.16,54.3 1 1
github.com/DaniilKalts/market-rest-api/internal/services/auth_service.go:56.2,56.39 1 1
github.com/DaniilKalts/market-rest-api/internal/services/auth_service.go:61.3,63.16 2 1
github.com/DaniilKalts/market-rest-api/internal/services/auth_service.go:63.16,64.43 1 1
github.com/DaniilKalts/market-rest-api/internal/services/auth_service.go:64.43,66.4 1 1
github.com/DaniilKalts/market-rest-api/internal/services/auth_service.go:66.9,68.4 1 0
github.com/DaniilKalts/market-rest-api/internal/services/auth_service.go:70.2,70.25 1 1
github.com/DaniilKalts/market-rest-api/internal/services/auth_service.go:70.25,72.3 1 1
github.com/DaniilKalts/market-rest-api/internal/services/auth_service.go:74.2,83.44 2 1
github.com/DaniilKalts/market-rest-api/internal/services/auth_service.go:83.44,85.3 1 0
github.com/DaniilKalts/market-rest-api/internal/services/auth_service.go:87.2,87.61 1 1
github.com/DaniilKalts/market-rest-api/internal/services/auth_service.go:92.3,94.16 2 1
github.com/DaniilKalts/market-rest-api/internal/services/auth_service.go:94.16,96.3 1 1
github.com/DaniilKalts/market-rest-api/internal/services/auth_service.go:97.2,97.17 1 1
github.com/DaniilKalts/market-rest-api/internal/services/auth_service.go:97.17,99.3 1 0
github.com/DaniilKalts/market-rest-api/internal/services/auth_service.go:101.2,101.70 1 1
github.com/DaniilKalts/market-rest-api/internal/services/auth_service.go:101.70,103.3 1 1
github.com/DaniilKalts/market-rest-api/internal/services/auth_service.go:105.2,105.61 1 1
github.com/DaniilKalts/market-rest-api/internal/services/auth_service.go:108.74,110.16 2 1
github.com/DaniilKalts/market-rest-api/internal/services/auth_service.go:110.16,112.3 1 1
github.com/DaniilKalts/market-rest-api/internal/services/auth_service.go:114.2,115.20 2 1
github.com/DaniilKalts/market-rest-api/internal/services/auth_service.go:115.20,117.3 1 0
github.com/DaniilKalts/market-rest-api/internal/services/auth_service.go:119.2,121.16 1 1
github.com/DaniilKalts/market-rest-api/internal/services/auth_service.go:121.16,123.3 1 1
github.com/DaniilKalts/market-rest-api/internal/services/auth_service.go:125.2,125.12 1 1
github.com/DaniilKalts/market-rest-api/internal/services/auth_service.go:130.3,132.16 2 1
github.com/DaniilKalts/market-rest-api/internal/services/auth_service.go:132.16,134.3 1 1
github.com/DaniilKalts/market-rest-api/internal/services/auth_service.go:136.2,137.20 2 1
github.com/DaniilKalts/market-rest-api/internal/services/auth_service.go:137.20,139.3 1 0
github.com/DaniilKalts/market-rest-api/internal/services/auth_service.go:141.2,141.73 1 1
github.com/DaniilKalts/market-rest-api/internal/services/auth_service.go:141.73,143.3 1 1
github.com/DaniilKalts/market-rest-api/internal/services/auth_service.go:145.2,148.16 2 1
github.com/DaniilKalts/market-rest-api/internal/services/auth_service.go:148.16,150.3 1 1
github.com/DaniilKalts/market-rest-api/internal/services/auth_service.go:152.2,154.16 1 1
github.com/DaniilKalts/market-rest-api/internal/services/auth_service.go:154.16,156.3 1 0
github.com/DaniilKalts/market-rest-api/internal/services/auth_service.go:158.2,158.42 1 1
github.com/DaniilKalts/market-rest-api/internal/services/cart_service.go:28.15,33.2 1 1
github.com/DaniilKalts/market-rest-api/internal/services/cart_service.go:38.3,40.16 2 1
github.com/DaniilKalts/market-rest-api/internal/services/cart_service.go:40.16,42.3 1 0
github.com/DaniilKalts/market-rest-api/internal/services/cart_service.go:43.2,43.17 1 1
github.com/DaniilKalts/market-rest-api/internal/services/cart_service.go:43.17,45.3 1 0
github.com/DaniilKalts/market-rest-api/internal/services/cart_service.go:47.2,49.43 3 1
github.com/DaniilKalts/market-rest-api/internal/services/cart_service.go:49.43,51.3 1 1
github.com/DaniilKalts/market-rest-api/internal/services/cart_service.go:53.2,53.36 1 1
github.com/DaniilKalts/market-rest-api/internal/services/cart_service.go:53.36,58.3 1 1
github.com/DaniilKalts/market-rest-api/internal/services/cart_service.go:60.2,60.35 1 1
github.com/DaniilKalts/market-rest-api/internal/services/cart_service.go:63.73,65.2 1 1
github.com/DaniilKalts/market-rest-api/internal/services/cart_service.go:71.29,73.16 2 1
github.com/DaniilKalts/market-rest-api/internal/services/cart_service.go:73.16,75.3 1 0
github.com/DaniilKalts/market-rest-api/internal/services/cart_service.go:76.2,76.17 1 1
github.com/DaniilKalts/market-rest-api/internal/services/cart_service.go:76.17,78.3 1 0
github.com/DaniilKalts/market-rest-api/internal/services/cart_service.go:79.2,79.27 1 1
github.com/DaniilKalts/market-rest-api/internal/services/cart_service.go:79.27,84.3 1 1
github.com/DaniilKalts/market-rest-api/internal/services/cart_service.go:86.2,86.48 1 1
github.com/DaniilKalts/market-rest-api/internal/services/cart_service.go:89.64,91.2 1 1
github.com/DaniilKalts/market-rest-api/internal/services/cart_service.go:93.51,95.2 1 1
github.com/DaniilKalts/market-rest-api/internal/services/item_service.go:22.67,24.2 1 1
github.com/DaniilKalts/market-rest-api/internal/services/item_service.go:26.59,28.2 1 1
github.com/DaniilKalts/market-rest-api/internal/services/item_service.go:30.65,32.2 1 1
github.com/DaniilKalts/market-rest-api/internal/services/item_service.go:34.60,36.2 1 1
github.com/DaniilKalts/market-rest-api/internal/services/item_service.go:41.25,43.16 2 1
github.com/DaniilKalts/market-rest-api/internal/services/item_service.go:43.16,45.3 1 1
github.com/DaniilKalts/market-rest-api/internal/services/item_service.go:46.2,46.25 1 1
github.com/DaniilKalts/market-rest-api/internal/services/item_service.go:46.25,48.3 1 0
github.com/DaniilKalts/market-rest-api/internal/services/item_service.go:50.2,50.31 1 1
github.com/DaniilKalts/market-rest-api/internal/services/item_service.go:50.31,52.3 1 1
github.com/DaniilKalts/market-rest-api/internal/services/item_service.go:53.2,53.38 1 1
github.com/DaniilKalts/market-rest-api/internal/services/item_service.go:53.38,55.3 1 1
github.com/DaniilKalts/market-rest-api/internal/services/item_service.go:56.2,56.32 1 1
github.com/DaniilKalts/market-rest-api/internal/services/item_service.go:56.32,58.3 1 1
github.com/DaniilKalts/market-rest-api/internal/services/item_service.go:59.2,59.32 1 1
github.com/DaniilKalts/market-rest-api/internal/services/item_service.go:59.32,61.3 1 1
github.com/DaniilKalts/market-rest-api/internal/services/item_service.go:63.2,64.16 2 1
github.com/DaniilKalts/market-rest-api/internal/services/item_service.go:64.16,66.3 1 1
github.com/DaniilKalts/market-rest-api/internal/services/item_service.go:67.2,67.26 1 1
github.com/DaniilKalts/market-rest-api/internal/services/item_service.go:70.48,72.2 1 1
github.com/DaniilKalts/market-rest-api/internal/services/user_service.go:25.67,27.2 1 1
github.com/DaniilKalts/market-rest-api/internal/services/user_service.go:29.65,31.2 1 1
github.com/DaniilKalts/market-rest-api/internal/services/user_service.go:33.74,35.2 1 1
github.com/DaniilKalts/market-rest-api/internal/services/user_service.go:37.60,39.2 1 1
github.com/DaniilKalts/market-rest-api/internal/services/user_service.go:44.25,46.16 2 1
github.com/DaniilKalts/market-rest-api/internal/services/user_service.go:46.16,48.3 1 1
github.com/DaniilKalts/market-rest-api/internal/services/user_service.go:50.2,50.36 1 1
github.com/DaniilKalts/market-rest-api/internal/services/user_service.go:50.36,52.3 1 1
github.com/DaniilKalts/market-rest-api/internal/services/user_service.go:53.2,53.35 1 1
github.com/DaniilKalts/market-rest-api/internal/services/user_service.go:53.35,55.3 1 1
github.com/DaniilKalts/market-rest-api/internal/services/user_service.go:56.2,56.32 1 1
github.com/DaniilKalts/market-rest-api/internal/services/user_service.go:56.32,58.3 1 1
github.com/DaniilKalts/market-rest-api/internal/services/user_service.go:59.2,59.38 1 1
github.com/DaniilKalts/market-rest-api/internal/services/user_service.go:59.38,61.3 1 1
github.com/DaniilKalts/market-rest-api/internal/services/user_service.go:62.2,62.75 1 1
github.com/DaniilKalts/market-rest-api/internal/services/user_service.go:62.75,63.137 1 1
github.com/DaniilKalts/market-rest-api/internal/services/user_service.go:63.137,65.4 1 1
github.com/DaniilKalts/market-rest-api/internal/services/user_service.go:66.3,66.36 1 1
github.com/DaniilKalts/market-rest-api/internal/services/user_service.go:66.36,68.18 2 1
github.com/DaniilKalts/market-rest-api/internal/services/user_service.go:68.18,70.5 1 0
github.com/DaniilKalts/market-rest-api/internal/services/user_service.go:71.4,71.42 1 1
github.com/DaniilKalts/market-rest-api/internal/services/user_service.go:75.2,75.36 1 1
github.com/DaniilKalts/market-rest-api/internal/services/user_service.go:78.52,80.2 1 1
